<?xml version="1.0" encoding="UTF-8"?>
<!-- Generated by org.testng.reporters.JUnitReportReporter -->
<testsuite hostname="naga-Ideapad-Z570" failures="0" tests="1" name="Project1.TSC15_AddToCart_All_WishlistItems" time="22.555" errors="0" timestamp="2024-07-25T14:38:09 IST" skipped="0">
  <testcase classname="Project1.TSC15_AddToCart_All_WishlistItems" name="shareWishList" time="22.555"/>
  <system-out/>
</testsuite> <!-- Project1.TSC15_AddToCart_All_WishlistItems -->
