<?xml version="1.0" encoding="UTF-8"?>
<!-- Generated by org.testng.reporters.JUnitReportReporter -->
<testsuite hostname="naga-Ideapad-Z570" failures="0" tests="1" name="Project1.TSC11_FindDropDown_Gear" time="23.295" errors="0" timestamp="2024-07-30T12:57:15 IST" skipped="0">
  <testcase classname="Project1.TSC11_FindDropDown_Gear" name="dropDown" time="23.295"/>
  <system-out/>
</testsuite> <!-- Project1.TSC11_FindDropDown_Gear -->
