<?xml version="1.0" encoding="UTF-8"?>
<!-- Generated by org.testng.reporters.JUnitReportReporter -->
<testsuite hostname="naga-Ideapad-Z570" failures="0" tests="1" name="Project1.TSR20" time="24.005" errors="0" timestamp="2024-07-25T15:01:10 IST" skipped="0">
  <testcase classname="Project1.TSR20" name="deleteCart" time="24.005"/>
  <system-out/>
</testsuite> <!-- Project1.TSR20 -->
