<?xml version="1.0" encoding="UTF-8"?>
<!-- Generated by org.testng.reporters.JUnitReportReporter -->
<testsuite hostname="naga-Ideapad-Z570" failures="0" tests="1" name="Project1.TSC12_WomenDropDown_SelectJackets" time="29.317" errors="0" timestamp="2024-07-30T12:57:58 IST" skipped="0">
  <testcase classname="Project1.TSC12_WomenDropDown_SelectJackets" name="womenDropDown" time="29.317"/>
  <system-out/>
</testsuite> <!-- Project1.TSC12_WomenDropDown_SelectJackets -->
