<?xml version="1.0" encoding="UTF-8"?>
<!-- Generated by org.testng.reporters.JUnitReportReporter -->
<testsuite hostname="naga-Ideapad-Z570" failures="0" tests="1" name="Project1.TS9_Add_To_WishList" time="29.372" errors="0" timestamp="2024-07-25T14:35:59 IST" skipped="0">
  <testcase classname="Project1.TS9_Add_To_WishList" name="search" time="29.372"/>
  <system-out/>
</testsuite> <!-- Project1.TS9_Add_To_WishList -->
