<?xml version="1.0" encoding="UTF-8"?>
<!-- Generated by org.testng.reporters.JUnitReportReporter -->
<testsuite hostname="naga-Ideapad-Z570" failures="0" tests="1" name="Project1.TS8_Delete_CartItems" time="15.755" errors="0" timestamp="2024-07-25T12:18:17 IST" skipped="0">
  <testcase classname="Project1.TS8_Delete_CartItems" name="deleteCart" time="15.755"/>
  <system-out/>
</testsuite> <!-- Project1.TS8_Delete_CartItems -->
