<?xml version="1.0" encoding="UTF-8"?>
<!-- Generated by org.testng.reporters.JUnitReportReporter -->
<testsuite hostname="naga-Ideapad-Z570" failures="0" tests="1" name="Project1.TSC11_FindDropDown" time="22.857" errors="0" timestamp="2024-07-25T12:46:54 IST" skipped="0">
  <testcase classname="Project1.TSC11_FindDropDown" name="dropDown" time="22.857"/>
  <system-out/>
</testsuite> <!-- Project1.TSC11_FindDropDown -->
