<?xml version="1.0" encoding="UTF-8"?>
<!-- Generated by org.testng.reporters.JUnitReportReporter -->
<testsuite hostname="naga-Ideapad-Z570" failures="0" tests="1" name="Project1.TSR22_AdvanceSearch" time="24.807" errors="0" timestamp="2024-07-25T15:43:59 IST" skipped="0">
  <testcase classname="Project1.TSR22_AdvanceSearch" name="advSearch" time="24.807"/>
  <system-out/>
</testsuite> <!-- Project1.TSR22_AdvanceSearch -->
