<?xml version="1.0" encoding="UTF-8"?>
<!-- Generated by org.testng.reporters.JUnitReportReporter -->
<testsuite hostname="naga-Ideapad-Z570" failures="0" tests="1" name="Project1.TSC14_CompareProduct" time="38.540" errors="0" timestamp="2024-07-25T14:33:27 IST" skipped="0">
  <testcase classname="Project1.TSC14_CompareProduct" name="compareProduct" time="38.540"/>
  <system-out/>
</testsuite> <!-- Project1.TSC14_CompareProduct -->
