<?xml version="1.0" encoding="UTF-8"?>
<!-- Generated by org.testng.reporters.JUnitReportReporter -->
<testsuite hostname="naga-Ideapad-Z570" failures="0" tests="1" name="Project1.TSC19_Shipping_Address" time="35.367" errors="0" timestamp="2024-07-25T14:58:26 IST" skipped="0">
  <testcase classname="Project1.TSC19_Shipping_Address" name="shippingAddress" time="35.367"/>
  <system-out/>
</testsuite> <!-- Project1.TSC19_Shipping_Address -->
