<?xml version="1.0" encoding="UTF-8"?>
<!-- Generated by org.testng.reporters.JUnitReportReporter -->
<testsuite hostname="naga-Ideapad-Z570" failures="0" tests="1" name="Project1.TSR23_MenDropDown_SelectMaterial" time="43.855" errors="0" timestamp="2024-07-26T11:48:23 IST" skipped="0">
  <testcase classname="Project1.TSR23_MenDropDown_SelectMaterial" name="menDropDown" time="43.855"/>
  <system-out/>
</testsuite> <!-- Project1.TSR23_MenDropDown_SelectMaterial -->
