<?xml version="1.0" encoding="UTF-8"?>
<!-- Generated by org.testng.reporters.JUnitReportReporter -->
<testsuite hostname="naga-Ideapad-Z570" failures="0" tests="1" name="Project1.TSR24_Change_Password" time="31.250" errors="0" timestamp="2024-07-26T12:05:32 IST" skipped="0">
  <testcase classname="Project1.TSR24_Change_Password" name="changePassword" time="31.250"/>
  <system-out/>
</testsuite> <!-- Project1.TSR24_Change_Password -->
