<?xml version="1.0" encoding="UTF-8"?>
<!-- Generated by org.testng.reporters.JUnitReportReporter -->
<testsuite hostname="naga-Ideapad-Z570" failures="0" tests="1" name="Project1.TSC17_Share_All_WishListItems" time="34.801" errors="0" timestamp="2024-07-25T14:50:59 IST" skipped="0">
  <testcase classname="Project1.TSC17_Share_All_WishListItems" name="shareWishList" time="34.801"/>
  <system-out/>
</testsuite> <!-- Project1.TSC17_Share_All_WishListItems -->
