<?xml version="1.0" encoding="UTF-8"?>
<!-- Generated by org.testng.reporters.JUnitReportReporter -->
<testsuite hostname="naga-Ideapad-Z570" failures="0" tests="1" name="Project1.TSC16_AddToCart_All_CompareListItems" time="19.514" errors="0" timestamp="2024-07-25T14:46:20 IST" skipped="0">
  <testcase classname="Project1.TSC16_AddToCart_All_CompareListItems" name="compareListItems" time="19.514"/>
  <system-out/>
</testsuite> <!-- Project1.TSC16_AddToCart_All_CompareListItems -->
