<?xml version="1.0" encoding="UTF-8"?>
<!-- Generated by org.testng.reporters.JUnitReportReporter -->
<testsuite hostname="naga-Ideapad-Z570" failures="0" tests="1" name="Project1.TS10_Delete_WishListItems" time="28.937" errors="0" timestamp="2024-07-25T12:42:33 IST" skipped="0">
  <testcase classname="Project1.TS10_Delete_WishListItems" name="deleteWishList" time="28.937"/>
  <system-out/>
</testsuite> <!-- Project1.TS10_Delete_WishListItems -->
