<?xml version="1.0" encoding="UTF-8"?>
<!-- Generated by org.testng.reporters.JUnitReportReporter -->
<testsuite hostname="naga-Ideapad-Z570" failures="0" tests="1" name="Project1.TSC10_Delete_WishListItems" time="38.349" errors="0" timestamp="2024-07-30T12:48:25 IST" skipped="0">
  <testcase classname="Project1.TSC10_Delete_WishListItems" name="deleteWishList" time="38.349"/>
  <system-out/>
</testsuite> <!-- Project1.TSC10_Delete_WishListItems -->
