<?xml version="1.0" encoding="UTF-8"?>
<!-- Generated by org.testng.reporters.JUnitReportReporter -->
<testsuite hostname="naga-Ideapad-Z570" failures="0" tests="1" name="Project1.TSC13_SortByDropDown" time="28.926" errors="0" timestamp="2024-07-25T14:29:35 IST" skipped="0">
  <testcase classname="Project1.TSC13_SortByDropDown" name="sortByDropDown" time="28.926"/>
  <system-out/>
</testsuite> <!-- Project1.TSC13_SortByDropDown -->
