<?xml version="1.0" encoding="UTF-8"?>
<!-- Generated by org.testng.reporters.JUnitReportReporter -->
<testsuite hostname="naga-Ideapad-Z570" failures="0" tests="1" name="Project1.TS6_Search_Tops" time="31.078" errors="0" timestamp="2024-07-25T12:05:10 IST" skipped="0">
  <testcase classname="Project1.TS6_Search_Tops" name="search" time="31.078"/>
  <system-out/>
</testsuite> <!-- Project1.TS6_Search_Tops -->
