<?xml version="1.0" encoding="UTF-8"?>
<!-- Generated by org.testng.reporters.JUnitReportReporter -->
<testsuite hostname="naga-Ideapad-Z570" failures="0" tests="2" name="Project1.TS7_Add_To_Cart" time="38.515" errors="0" timestamp="2024-07-25T12:10:36 IST" skipped="0">
  <testcase classname="Project1.TS7_Add_To_Cart" name="advSearch" time="16.214"/>
  <system-out/>
  <testcase classname="Project1.TS7_Add_To_Cart" name="search" time="22.301"/>
  <system-out/>
</testsuite> <!-- Project1.TS7_Add_To_Cart -->
