<?xml version="1.0" encoding="UTF-8"?>
<!-- Generated by org.testng.reporters.JUnitReportReporter -->
<testsuite hostname="naga-Ideapad-Z570" failures="0" tests="1" name="Project1.TS8_Add_To_WishList" time="31.375" errors="0" timestamp="2024-07-25T12:12:52 IST" skipped="0">
  <testcase classname="Project1.TS8_Add_To_WishList" name="search" time="31.375"/>
  <system-out/>
</testsuite> <!-- Project1.TS8_Add_To_WishList -->
