<?xml version="1.0" encoding="UTF-8"?>
<!-- Generated by org.testng.reporters.JUnitReportReporter -->
<testsuite hostname="naga-Ideapad-Z570" failures="0" tests="1" name="Project1.TSR25_SignUp" time="25.513" errors="0" timestamp="2024-07-25T15:17:09 IST" skipped="0">
  <testcase classname="Project1.TSR25_SignUp" name="login" time="25.513"/>
  <system-out/>
</testsuite> <!-- Project1.TSR25_SignUp -->
